<?xml version="1.0" encoding="UTF-8"?>
<coverage generated="1754335753">
  <project timestamp="1754335753" name="Clover Coverage">
    <package name="EdgeBinder\Component">
      <file name="/home/iampersistent/code/edgebinder/edgebinder-component/src/ConfigProvider.php">
        <class name="EdgeBinder\Component\ConfigProvider" namespace="EdgeBinder\Component">
          <metrics complexity="2" methods="2" coveredmethods="2" conditionals="0" coveredconditionals="0" statements="13" coveredstatements="13" elements="15" coveredelements="15"/>
        </class>
        <line num="24" type="method" name="__invoke" visibility="public" complexity="1" crap="1" count="2"/>
        <line num="26" type="stmt" count="2"/>
        <line num="27" type="stmt" count="2"/>
        <line num="28" type="stmt" count="2"/>
        <line num="36" type="method" name="getDependencies" visibility="public" complexity="1" crap="1" count="4"/>
        <line num="38" type="stmt" count="4"/>
        <line num="39" type="stmt" count="4"/>
        <line num="41" type="stmt" count="4"/>
        <line num="44" type="stmt" count="4"/>
        <line num="45" type="stmt" count="4"/>
        <line num="46" type="stmt" count="4"/>
        <line num="47" type="stmt" count="4"/>
        <line num="48" type="stmt" count="4"/>
        <line num="49" type="stmt" count="4"/>
        <line num="50" type="stmt" count="4"/>
        <metrics loc="53" ncloc="34" classes="1" methods="2" coveredmethods="2" conditionals="0" coveredconditionals="0" statements="13" coveredstatements="13" elements="15" coveredelements="15"/>
      </file>
    </package>
    <package name="EdgeBinder\Component\Factory">
      <file name="/home/iampersistent/code/edgebinder/edgebinder-component/src/Factory/EdgeBinderFactory.php">
        <class name="EdgeBinder\Component\Factory\EdgeBinderFactory" namespace="EdgeBinder\Component\Factory">
          <metrics complexity="22" methods="6" coveredmethods="5" conditionals="0" coveredconditionals="0" statements="44" coveredstatements="30" elements="50" coveredelements="35"/>
        </class>
        <line num="40" type="method" name="__invoke" visibility="public" complexity="1" crap="1" count="5"/>
        <line num="42" type="stmt" count="5"/>
        <line num="55" type="method" name="createEdgeBinder" visibility="public" complexity="1" crap="1" count="10"/>
        <line num="57" type="stmt" count="10"/>
        <line num="58" type="stmt" count="8"/>
        <line num="61" type="stmt" count="7"/>
        <line num="63" type="stmt" count="5"/>
        <line num="75" type="method" name="getConfiguration" visibility="private" complexity="3" crap="3" count="10"/>
        <line num="77" type="stmt" count="10"/>
        <line num="78" type="stmt" count="1"/>
        <line num="81" type="stmt" count="9"/>
        <line num="83" type="stmt" count="9"/>
        <line num="84" type="stmt" count="1"/>
        <line num="87" type="stmt" count="8"/>
        <line num="100" type="method" name="getInstanceConfiguration" visibility="private" complexity="4" crap="4" count="8"/>
        <line num="103" type="stmt" count="8"/>
        <line num="104" type="stmt" count="3"/>
        <line num="108" type="stmt" count="5"/>
        <line num="109" type="stmt" count="4"/>
        <line num="112" type="stmt" count="1"/>
        <line num="126" type="method" name="createAdapter" visibility="private" complexity="12" crap="44.48" count="7"/>
        <line num="131" type="stmt" count="7"/>
        <line num="132" type="stmt" count="1"/>
        <line num="135" type="stmt" count="6"/>
        <line num="138" type="stmt" count="6"/>
        <line num="139" type="stmt" count="5"/>
        <line num="141" type="stmt" count="5"/>
        <line num="145" type="stmt" count="1"/>
        <line num="146" type="stmt" count="1"/>
        <line num="147" type="stmt" count="0"/>
        <line num="148" type="stmt" count="0"/>
        <line num="151" type="stmt" count="0"/>
        <line num="152" type="stmt" count="0"/>
        <line num="153" type="stmt" count="0"/>
        <line num="154" type="stmt" count="0"/>
        <line num="158" type="stmt" count="0"/>
        <line num="159" type="stmt" count="0"/>
        <line num="160" type="stmt" count="0"/>
        <line num="161" type="stmt" count="0"/>
        <line num="165" type="stmt" count="0"/>
        <line num="166" type="stmt" count="0"/>
        <line num="167" type="stmt" count="0"/>
        <line num="168" type="stmt" count="0"/>
        <line num="174" type="stmt" count="1"/>
        <line num="186" type="method" name="buildAdapterConfig" visibility="private" complexity="1" crap="1" count="5"/>
        <line num="191" type="stmt" count="5"/>
        <line num="192" type="stmt" count="5"/>
        <line num="193" type="stmt" count="5"/>
        <line num="194" type="stmt" count="5"/>
        <line num="195" type="stmt" count="5"/>
        <metrics loc="198" ncloc="118" classes="1" methods="6" coveredmethods="5" conditionals="0" coveredconditionals="0" statements="44" coveredstatements="30" elements="50" coveredelements="35"/>
      </file>
    </package>
    <metrics files="2" loc="251" ncloc="152" classes="2" methods="8" coveredmethods="7" conditionals="0" coveredconditionals="0" statements="57" coveredstatements="43" elements="65" coveredelements="50"/>
  </project>
</coverage>
